# JRE version: OpenJDK Runtime Environment (8.0_112-b06) (build 1.8.0_112-release-b06)
# Java VM: OpenJDK 64-Bit Server VM (25.112-b06 mixed mode bsd-amd64 compressed oops)
Heap:
 PSYoungGen      total 197120K, used 45496K [0x00000007a0000000, 0x00000007adf00000, 0x00000007c0000000)
  eden space 175104K, 22% used [0x00000007a0000000,0x00000007a264a628,0x00000007aab00000)
  from space 22016K, 28% used [0x00000007ac980000,0x00000007acfa3c40,0x00000007adf00000)
  to   space 26624K, 0% used [0x00000007aab00000,0x00000007aab00000,0x00000007ac500000)
 ParOldGen       total 163328K, used 46125K [0x0000000760000000, 0x0000000769f80000, 0x00000007a0000000)
  object space 163328K, 28% used [0x0000000760000000,0x0000000762d0b650,0x0000000769f80000)
 Metaspace       used 65161K, capacity 68502K, committed 68568K, reserved 1107968K
  class space    used 8613K, capacity 9423K, committed 9472K, reserved 1048576K
GC Heap History (10 events):
Event: 16.606 GC heap before
{Heap before GC invocations=17 (full 2):
 PSYoungGen      total 132608K, used 44380K [0x00000007a0000000, 0x00000007aa780000, 0x00000007c0000000)
  eden space 112640K, 21% used [0x00000007a0000000,0x00000007a17de680,0x00000007a6e00000)
  from space 19968K, 99% used [0x00000007a8680000,0x00000007a99f8c80,0x00000007a9a00000)
  to   space 25088K, 0% used [0x00000007a6e00000,0x00000007a6e00000,0x00000007a8680000)
 ParOldGen       total 110080K, used 29891K [0x0000000760000000, 0x0000000766b80000, 0x00000007a0000000)
  object space 110080K, 27% used [0x0000000760000000,0x0000000761d30d00,0x0000000766b80000)
 Metaspace       used 57091K, capacity 59062K, committed 59096K, reserved 1099776K
  class space    used 7730K, capacity 8158K, committed 8192K, reserved 1048576K
Event: 16.629 GC heap after
Heap after GC invocations=17 (full 2):
 PSYoungGen      total 137728K, used 24352K [0x00000007a0000000, 0x00000007ad180000, 0x00000007c0000000)
  eden space 112640K, 0% used [0x00000007a0000000,0x00000007a0000000,0x00000007a6e00000)
  from space 25088K, 97% used [0x00000007a6e00000,0x00000007a85c8220,0x00000007a8680000)
  to   space 28672K, 0% used [0x00000007ab580000,0x00000007ab580000,0x00000007ad180000)
 ParOldGen       total 110080K, used 29899K [0x0000000760000000, 0x0000000766b80000, 0x00000007a0000000)
  object space 110080K, 27% used [0x0000000760000000,0x0000000761d32d00,0x0000000766b80000)
 Metaspace       used 57091K, capacity 59062K, committed 59096K, reserved 1099776K
  class space    used 7730K, capacity 8158K, committed 8192K, reserved 1048576K
}
Event: 16.629 GC heap before
{Heap before GC invocations=18 (full 3):
 PSYoungGen      total 137728K, used 24352K [0x00000007a0000000, 0x00000007ad180000, 0x00000007c0000000)
  eden space 112640K, 0% used [0x00000007a0000000,0x00000007a0000000,0x00000007a6e00000)
  from space 25088K, 97% used [0x00000007a6e00000,0x00000007a85c8220,0x00000007a8680000)
  to   space 28672K, 0% used [0x00000007ab580000,0x00000007ab580000,0x00000007ad180000)
 ParOldGen       total 110080K, used 29899K [0x0000000760000000, 0x0000000766b80000, 0x00000007a0000000)
  object space 110080K, 27% used [0x0000000760000000,0x0000000761d32d00,0x0000000766b80000)
 Metaspace       used 57091K, capacity 59062K, committed 59096K, reserved 1099776K
  class space    used 7730K, capacity 8158K, committed 8192K, reserved 1048576K
Event: 16.842 GC heap after
Heap after GC invocations=18 (full 3):
 PSYoungGen      total 137728K, used 0K [0x00000007a0000000, 0x00000007ad180000, 0x00000007c0000000)
  eden space 112640K, 0% used [0x00000007a0000000,0x00000007a0000000,0x00000007a6e00000)
  from space 25088K, 0% used [0x00000007a6e00000,0x00000007a6e00000,0x00000007a8680000)
  to   space 28672K, 0% used [0x00000007ab580000,0x00000007ab580000,0x00000007ad180000)
 ParOldGen       total 163328K, used 46101K [0x0000000760000000, 0x0000000769f80000, 0x00000007a0000000)
  object space 163328K, 28% used [0x0000000760000000,0x0000000762d05650,0x0000000769f80000)
 Metaspace       used 57049K, capacity 58956K, committed 59096K, reserved 1099776K
  class space    used 7717K, capacity 8144K, committed 8192K, reserved 1048576K
}
Event: 21.060 GC heap before
{Heap before GC invocations=19 (full 3):
 PSYoungGen      total 137728K, used 112640K [0x00000007a0000000, 0x00000007ad180000, 0x00000007c0000000)
  eden space 112640K, 100% used [0x00000007a0000000,0x00000007a6e00000,0x00000007a6e00000)
  from space 25088K, 0% used [0x00000007a6e00000,0x00000007a6e00000,0x00000007a8680000)
  to   space 28672K, 0% used [0x00000007ab580000,0x00000007ab580000,0x00000007ad180000)
 ParOldGen       total 163328K, used 46101K [0x0000000760000000, 0x0000000769f80000, 0x00000007a0000000)
  object space 163328K, 28% used [0x0000000760000000,0x0000000762d05650,0x0000000769f80000)
 Metaspace       used 61645K, capacity 64236K, committed 64472K, reserved 1105920K
  class space    used 8248K, capacity 8852K, committed 8960K, reserved 1048576K
Event: 21.070 GC heap after
Heap after GC invocations=19 (full 3):
 PSYoungGen      total 169472K, used 9296K [0x00000007a0000000, 0x00000007ac880000, 0x00000007c0000000)
  eden space 150016K, 0% used [0x00000007a0000000,0x00000007a0000000,0x00000007a9280000)
  from space 19456K, 47% used [0x00000007ab580000,0x00000007abe940f8,0x00000007ac880000)
  to   space 27648K, 0% used [0x00000007a9280000,0x00000007a9280000,0x00000007aad80000)
 ParOldGen       total 163328K, used 46109K [0x0000000760000000, 0x0000000769f80000, 0x00000007a0000000)
  object space 163328K, 28% used [0x0000000760000000,0x0000000762d07650,0x0000000769f80000)
 Metaspace       used 61645K, capacity 64236K, committed 64472K, reserved 1105920K
  class space    used 8248K, capacity 8852K, committed 8960K, reserved 1048576K
}
Event: 95.897 GC heap before
{Heap before GC invocations=20 (full 3):
 PSYoungGen      total 169472K, used 159312K [0x00000007a0000000, 0x00000007ac880000, 0x00000007c0000000)
  eden space 150016K, 100% used [0x00000007a0000000,0x00000007a9280000,0x00000007a9280000)
  from space 19456K, 47% used [0x00000007ab580000,0x00000007abe940f8,0x00000007ac880000)
  to   space 27648K, 0% used [0x00000007a9280000,0x00000007a9280000,0x00000007aad80000)
 ParOldGen       total 163328K, used 46109K [0x0000000760000000, 0x0000000769f80000, 0x00000007a0000000)
  object space 163328K, 28% used [0x0000000760000000,0x0000000762d07650,0x0000000769f80000)
 Metaspace       used 64079K, capacity 67044K, committed 67160K, reserved 1107968K
  class space    used 8524K, capacity 9234K, committed 9344K, reserved 1048576K
Event: 95.903 GC heap after
Heap after GC invocations=20 (full 3):
 PSYoungGen      total 177664K, used 5990K [0x00000007a0000000, 0x00000007ae400000, 0x00000007c0000000)
  eden space 150016K, 0% used [0x00000007a0000000,0x00000007a0000000,0x00000007a9280000)
  from space 27648K, 21% used [0x00000007a9280000,0x00000007a9859988,0x00000007aad80000)
  to   space 27136K, 0% used [0x00000007ac980000,0x00000007ac980000,0x00000007ae400000)
 ParOldGen       total 163328K, used 46117K [0x0000000760000000, 0x0000000769f80000, 0x00000007a0000000)
  object space 163328K, 28% used [0x0000000760000000,0x0000000762d09650,0x0000000769f80000)
 Metaspace       used 64079K, capacity 67044K, committed 67160K, reserved 1107968K
  class space    used 8524K, capacity 9234K, committed 9344K, reserved 1048576K
}
Event: 191.104 GC heap before
{Heap before GC invocations=21 (full 3):
 PSYoungGen      total 177664K, used 156006K [0x00000007a0000000, 0x00000007ae400000, 0x00000007c0000000)
  eden space 150016K, 100% used [0x00000007a0000000,0x00000007a9280000,0x00000007a9280000)
  from space 27648K, 21% used [0x00000007a9280000,0x00000007a9859988,0x00000007aad80000)
  to   space 27136K, 0% used [0x00000007ac980000,0x00000007ac980000,0x00000007ae400000)
 ParOldGen       total 163328K, used 46117K [0x0000000760000000, 0x0000000769f80000, 0x00000007a0000000)
  object space 163328K, 28% used [0x0000000760000000,0x0000000762d09650,0x0000000769f80000)
 Metaspace       used 64975K, capacity 68364K, committed 68568K, reserved 1107968K
  class space    used 8601K, capacity 9400K, committed 9472K, reserved 1048576K
Event: 191.123 GC heap after
Heap after GC invocations=21 (full 3):
 PSYoungGen      total 197120K, used 6287K [0x00000007a0000000, 0x00000007adf00000, 0x00000007c0000000)
  eden space 175104K, 0% used [0x00000007a0000000,0x00000007a0000000,0x00000007aab00000)
  from space 22016K, 28% used [0x00000007ac980000,0x00000007acfa3c40,0x00000007adf00000)
  to   space 26624K, 0% used [0x00000007aab00000,0x00000007aab00000,0x00000007ac500000)
 ParOldGen       total 163328K, used 46125K [0x0000000760000000, 0x0000000769f80000, 0x00000007a0000000)
  object space 163328K, 28% used [0x0000000760000000,0x0000000762d0b650,0x0000000769f80000)
 Metaspace       used 64975K, capacity 68364K, committed 68568K, reserved 1107968K
  class space    used 8601K, capacity 9400K, committed 9472K, reserved 1048576K
}

